\BOOKMARK [1][-]{section.1}{Fl\204The Meta Language of VossII}{}% 1
\BOOKMARK [2][-]{subsection.1.1}{Invoking fl}{section.1}% 2
\BOOKMARK [2][-]{subsection.1.2}{Help System}{section.1}% 3
\BOOKMARK [2][-]{subsection.1.3}{Embedding in Editors}{section.1}% 4
\BOOKMARK [2][-]{subsection.1.4}{Expressions}{section.1}% 5
\BOOKMARK [2][-]{subsection.1.5}{Integer Expressions}{section.1}% 6
\BOOKMARK [2][-]{subsection.1.6}{Floating Point Expressions}{section.1}% 7
\BOOKMARK [2][-]{subsection.1.7}{Boolean Expressions}{section.1}% 8
\BOOKMARK [3][-]{subsubsection.1.7.1}{Displaying and Analyzing BDDs}{subsection.1.7}% 9
\BOOKMARK [3][-]{subsubsection.1.7.2}{Symbolic If-Then-Else}{subsection.1.7}% 10
\BOOKMARK [3][-]{subsubsection.1.7.3}{Advanced BDD Operations}{subsection.1.7}% 11
\BOOKMARK [3][-]{subsubsection.1.7.4}{Structural BDD Operations}{subsection.1.7}% 12
\BOOKMARK [2][-]{subsection.1.8}{Bexpr and SAT}{section.1}% 13
\BOOKMARK [2][-]{subsection.1.9}{Strings}{section.1}% 14
\BOOKMARK [2][-]{subsection.1.10}{Printf Family of Functions}{section.1}% 15
\BOOKMARK [2][-]{subsection.1.11}{Declarations}{section.1}% 16
\BOOKMARK [2][-]{subsection.1.12}{Functions}{section.1}% 17
\BOOKMARK [2][-]{subsection.1.13}{Recursive Functions}{section.1}% 18
\BOOKMARK [2][-]{subsection.1.14}{Mutually Recursive Functions}{section.1}% 19
\BOOKMARK [2][-]{subsection.1.15}{Memoization}{section.1}% 20
\BOOKMARK [2][-]{subsection.1.16}{Tuples}{section.1}% 21
\BOOKMARK [2][-]{subsection.1.17}{Lists}{section.1}% 22
\BOOKMARK [2][-]{subsection.1.18}{Polymorphism}{section.1}% 23
\BOOKMARK [2][-]{subsection.1.19}{Type Annotations}{section.1}% 24
\BOOKMARK [2][-]{subsection.1.20}{Lambda Expressions}{section.1}% 25
\BOOKMARK [2][-]{subsection.1.21}{Failures}{section.1}% 26
\BOOKMARK [2][-]{subsection.1.22}{Type Abbreviations}{section.1}% 27
\BOOKMARK [2][-]{subsection.1.23}{Concrete Types}{section.1}% 28
\BOOKMARK [2][-]{subsection.1.24}{Abstract Types}{section.1}% 29
\BOOKMARK [2][-]{subsection.1.25}{Fixity Operators}{section.1}% 30
\BOOKMARK [2][-]{subsection.1.26}{Vossrc Variables}{section.1}% 31
\BOOKMARK [2][-]{subsection.1.27}{Reference variables}{section.1}% 32
\BOOKMARK [2][-]{subsection.1.28}{Tables}{section.1}% 33
\BOOKMARK [2][-]{subsection.1.29}{Laziness}{section.1}% 34
\BOOKMARK [2][-]{subsection.1.30}{tcl interface}{section.1}% 35
\BOOKMARK [2][-]{subsection.1.31}{Bitvectors}{section.1}% 36
\BOOKMARK [1][-]{section.2}{Hardware Models}{}% 37
\BOOKMARK [2][-]{subsection.2.1}{Pexlif}{section.2}% 38
\BOOKMARK [2][-]{subsection.2.2}{HFL}{section.2}% 39
\BOOKMARK [3][-]{subsubsection.2.2.1}{HFL Types}{subsection.2.2}% 40
\BOOKMARK [3][-]{subsubsection.2.2.2}{HFL Expressions}{subsection.2.2}% 41
\BOOKMARK [3][-]{subsubsection.2.2.3}{HFL Hierarchy Creation}{subsection.2.2}% 42
\BOOKMARK [3][-]{subsubsection.2.2.4}{HFL High-level Constructs}{subsection.2.2}% 43
\BOOKMARK [2][-]{subsection.2.3}{Verilog models}{section.2}% 44
\BOOKMARK [2][-]{subsection.2.4}{fsm}{section.2}% 45
\BOOKMARK [1][-]{section.3}{Symbolic Trajectory Evaluation and Verification}{}% 46
\BOOKMARK [2][-]{subsection.3.1}{GUI Commands}{section.3}% 47
