This is pdfTeX, Version 3.14159265-2.6-1.40.16 (TeX Live 2015/Debian) (preloaded format=latex 2016.9.13)  1 NOV 2016 13:06
entering extended mode
 restricted \write18 enabled.
 %&-line parsing enabled.
**userguide.tex
(./userguide.tex
LaTeX2e <2016/02/01>
Babel <3.9q> and hyphenation patterns for 3 language(s) loaded.
(/usr/share/texlive/texmf-dist/tex/latex/base/latex209.def
File: latex209.def 2015/02/22 v0.53 Standard LaTeX file


          Entering LaTeX 2.09 COMPATIBILITY MODE
 *************************************************************
    !!WARNING!!    !!WARNING!!    !!WARNING!!    !!WARNING!!   
 
 This mode attempts to provide an emulation of the LaTeX 2.09
 author environment so that OLD documents can be successfully
 processed. It should NOT be used for NEW documents!
 
 New documents should use Standard LaTeX conventions and start
 with the \documentclass command.
 
 Compatibility mode is UNLIKELY TO WORK with LaTeX 2.09 style
 files that change any internal macros, especially not with
 those that change the FONT SELECTION or OUTPUT ROUTINES.
 
 Therefore such style files MUST BE UPDATED to use
          Current Standard LaTeX: LaTeX2e.
 If you suspect that you may be using such a style file, which
 is probably very, very old by now, then you should attempt to
 get it updated by sending a copy of this error message to the
 author of that file.
 *************************************************************

\footheight=\dimen102
\@maxsep=\dimen103
\@dblmaxsep=\dimen104
\@cla=\count79
\@clb=\count80
\mscount=\count81
(/usr/share/texlive/texmf-dist/tex/latex/base/tracefnt.sty
Package: tracefnt 2015/02/21 v3.0k Standard LaTeX package (font tracing)
\tracingfonts=\count82
LaTeX Info: Redefining \selectfont on input line 106.
)
\symbold=\mathgroup4
\symsans=\mathgroup5
\symtypewriter=\mathgroup6
\symitalic=\mathgroup7
\symsmallcaps=\mathgroup8
\symslanted=\mathgroup9
LaTeX Font Info:    Redeclaring math alphabet \mathbf on input line 298.
LaTeX Font Info:    Redeclaring math alphabet \mathsf on input line 299.
LaTeX Font Info:    Redeclaring math alphabet \mathtt on input line 300.
LaTeX Font Info:    Redeclaring math alphabet \mathit on input line 306.
LaTeX Info: Redefining \em on input line 316.

(/usr/share/texlive/texmf-dist/tex/latex/base/latexsym.sty
Package: latexsym 1998/08/17 v2.2e Standard LaTeX package (lasy symbols)
\symlasy=\mathgroup10
LaTeX Font Info:    Overwriting symbol font `lasy' in version `bold'
(Font)                  U/lasy/m/n --> U/lasy/b/n on input line 52.
)
LaTeX Font Info:    Redeclaring math delimiter \lgroup on input line 377.
LaTeX Font Info:    Redeclaring math delimiter \rgroup on input line 379.
LaTeX Font Info:    Redeclaring math delimiter \bracevert on input line 381.
)
(/usr/share/texlive/texmf-dist/tex/latex/base/article.cls
Document Class: article 2014/09/29 v1.4h Standard LaTeX document class
(/usr/share/texlive/texmf-dist/tex/latex/base/size11.clo
File: size11.clo 2014/09/29 v1.4h Standard LaTeX file (size option)
)
\c@part=\count83
\c@section=\count84
\c@subsection=\count85
\c@subsubsection=\count86
\c@paragraph=\count87
\c@subparagraph=\count88
\c@figure=\count89
\c@table=\count90
\abovecaptionskip=\skip41
\belowcaptionskip=\skip42
Compatibility mode: definition of \rm ignored.
Compatibility mode: definition of \sf ignored.
Compatibility mode: definition of \tt ignored.
Compatibility mode: definition of \bf ignored.
Compatibility mode: definition of \it ignored.
Compatibility mode: definition of \sl ignored.
Compatibility mode: definition of \sc ignored.
LaTeX Info: Redefining \cal on input line 511.
LaTeX Info: Redefining \mit on input line 512.
\bibindent=\dimen105
)
\@indexfile=\write3
\openout3 = `userguide.idx'.


Writing index file userguide.idx
(./hol_macros.tex
\hsbw=\skip43
) (./defs.tex
(/usr/share/texlive/texmf-dist/tex/generic/epsf/epsf.tex
This is `epsf.tex' v2.7.4 <14 February 2011>
\epsffilein=\read1
\epsfframemargin=\dimen106
\epsfframethickness=\dimen107
\epsfrsize=\dimen108
\epsftmp=\dimen109
\epsftsize=\dimen110
\epsfxsize=\dimen111
\epsfysize=\dimen112
\pspoints=\dimen113
)
\c@theorem=\count91
\c@corollary=\count92
\c@lemma=\count93
\c@proposition=\count94
\c@example=\count95
) (./userguide.aux)
\openout1 = `userguide.aux'.

LaTeX Font Info:    Checking defaults for OML/cmm/m/it on input line 39.
LaTeX Font Info:    ... okay on input line 39.
LaTeX Font Info:    Checking defaults for T1/cmr/m/n on input line 39.
LaTeX Font Info:    ... okay on input line 39.
LaTeX Font Info:    Checking defaults for OT1/cmr/m/n on input line 39.
LaTeX Font Info:    ... okay on input line 39.
LaTeX Font Info:    Checking defaults for OMS/cmsy/m/n on input line 39.
LaTeX Font Info:    ... okay on input line 39.
LaTeX Font Info:    Checking defaults for OMX/cmex/m/n on input line 39.
LaTeX Font Info:    ... okay on input line 39.
LaTeX Font Info:    Checking defaults for U/cmr/m/n on input line 39.
LaTeX Font Info:    ... okay on input line 39.
LaTeX Font Info:    External font `cmex10' loaded for size
(Font)              <12> on input line 46.
LaTeX Font Info:    External font `cmex10' loaded for size
(Font)              <8> on input line 46.
LaTeX Font Info:    External font `cmex10' loaded for size
(Font)              <6> on input line 46.
LaTeX Font Info:    Try loading font information for U+lasy on input line 46.
 (/usr/share/texlive/texmf-dist/tex/latex/base/ulasy.fd
File: ulasy.fd 1998/08/17 v2.2e LaTeX symbol font definitions
)
[1

] (./userguide.toc
LaTeX Font Info:    External font `cmex10' loaded for size
(Font)              <10.95> on input line 4.
 [2] [3])
\tf@toc=\write4
\openout4 = `userguide.toc'.

 [4] (./userguide.lof)
\tf@lof=\write5
\openout5 = `userguide.lof'.

 (./userguide.lot)
\tf@lot=\write6
\openout6 = `userguide.lot'.

 [5]
(./01_preface.tex) [6] [7] (./02_background.tex [8] [9]
(figs/voss.eps
)
[10]
(figs/fl.eps
)
LaTeX Font Info:    External font `cmex10' loaded for size
(Font)              <9> on input line 326.
LaTeX Font Info:    External font `cmex10' loaded for size
(Font)              <5> on input line 326.
[11]

LaTeX Warning: Citation `Alliance' on page 12 undefined on input line 354.

) [12] [13] (./03_fl.tex [14] [15]

LaTeX Warning: Reference `val' on page 16 undefined on input line 264.

[16]

LaTeX Warning: Reference `concreteTypes' on page 17 undefined on input line 339
.

[17] [18] [19]
LaTeX Font Info:    Try loading font information for OMS+cmtt on input line 594
.
LaTeX Font Info:    No file OMScmtt.fd. on input line 594.
LaTeX Font Warning: Font shape `OMS/cmtt/m/n' undefined
(Font)              using `OMS/cmsy/m/n' instead
(Font)              for symbol `textbraceleft' on input line 594.
 [20] [21] [22] [23] [24] [25] [26] [27] [28] [29] [30] [31]
[32] [33]) [34] (./04_tutorial.tex
(figs/AMD2901.eps
)
[35] [36] [37] [38] [39] [40] [41] [42] [43] [44] [45]

LaTeX Warning: Float too large for page by 16.09543pt on input line 942.

[46] [47] [48] [49]
(figs/plot1.eps
)
[50]
(figs/plot2.eps
)
[51] [52] [53]
LaTeX Font Info:    External font `cmex10' loaded for size
(Font)              <14.4> on input line 1427.
LaTeX Font Info:    External font `cmex10' loaded for size
(Font)              <7> on input line 1427.
 [54] [55]) [56] (./05_vossprover.tex

LaTeX Warning: Citation `SegerJoyce92' on page 57 undefined on input line 48.


LaTeX Warning: Citation `joyceseger93' on page 57 undefined on input line 48.

[57] [58] [59]
Overfull \hbox (54.8994pt too wide) in paragraph at lines 277--279
[]\OT1/cmr/m/n/10.95 Given a the-o-rem $(\OMS/cmsy/m/n/10.95 j[][][]  [] \OML/c
mm/m/it/10.95 ;  T\OT1/cmr/m/n/10.95 )$ and a spe-cial-i-sa-tion $\OML/cmm/m/it
/10.95 ^^[$\OT1/cmr/m/n/10.95 , re-turns the the-o-rem $(\OMS/cmsy/m/n/10.95 j[
][][]  [] \OML/cmm/m/it/10.95 ; T\OT1/cmr/m/n/10.95 )$. 
 []

[60]
LaTeX Font Info:    Try loading font information for OMS+cmr on input line 422.

 (/usr/share/texlive/texmf-dist/tex/latex/base/omscmr.fd
File: omscmr.fd 2014/09/29 v2.5h Standard LaTeX font definitions
)
LaTeX Font Info:    Font shape `OMS/cmr/m/n' in size <10.95> not available
(Font)              Font shape `OMS/cmsy/m/n' tried instead on input line 422.
 [61]
(./figs/csa.latex) [62]
Overfull \hbox (11.76639pt too wide) in paragraph at lines 561--561
 []             \OT1/cmtt/m/n/10.95 ("TC"^(int2str x),rev(arraylist "res" (x*bi
t_width+1) bit_width)))[] 
 []

[63]) [64] [65] (./06_fl-syntax.tex [66] [67]
Overfull \hbox (10.13397pt too wide) in paragraph at lines 133--154
\OT1/cmr/bx/n/10.95 fixr in in-stall[]print[]function let le-trec let-type HOL-
let-type list new[]type[]abbrev
 []

[68]

LaTeX Warning: Reference `printBooleans' on page 69 undefined on input line 194
.

[69]
Overfull \hbox (17.09789pt too wide) in paragraph at lines 318--318
\OT1/cmr/m/n/10.95 Type: \OT1/cmr/m/it/10.95 string[]fsm[](fourtuple list) [](f
ivetuple list)[](fivetuple list)[]((string[]\OT1/cmtt/m/n/10.95 #\OT1/cmr/m/it/
10.95 int[]\OT1/cmtt/m/n/10.95 #\OT1/cmr/m/it/10.95 int) list)[]bool 
 []

[70]

LaTeX Warning: Reference `SymbTrajSection' on page 71 undefined on input line 3
18.

[71]
Overfull \hbox (27.17506pt too wide) in paragraph at lines 422--422
[]  
 []

[72]

LaTeX Warning: Reference `fsmStructureSection' on page 73 undefined on input li
ne 427.

[73]
Overfull \hbox (17.09789pt too wide) in paragraph at lines 528--529
\OT1/cmr/m/n/10.95 Type: \OT1/cmr/m/it/10.95 string[]fsm[](fourtuple list) [](f
ivetuple list)[](fivetuple list)[]((string[]\OT1/cmtt/m/n/10.95 #\OT1/cmr/m/it/
10.95 int[]\OT1/cmtt/m/n/10.95 #\OT1/cmr/m/it/10.95 int) list)[]bool 
 []

[74] [75] [76]
Overfull \hbox (10.45393pt too wide) in paragraph at lines 666--680
\OT1/cmr/m/n/10.95 bound vari-able in an ex-pres-sion. Note that the type of th
e func-tion must be (*[]**)[]string[]**,
 []

[77]) (./07_built-in-fl.tex [78] [79]) [80] (./08_vossrc.tex) [81]
(./09_standard-library.tex [82] [83] [84]) [85] (./10_AMD2901spec.tex [86]
[87]) [88] (./11_switch_level.tex [89]
(figs/ntkFiniteStateMach.eps
)
[90] [91]) [92] (./12_sim_format.tex) [93] (./13_ntk_format.tex
LaTeX Font Info:    Font shape `OMS/cmr/bx/n' in size <10.95> not available
(Font)              Font shape `OMS/cmsy/b/n' tried instead on input line 48.

Overfull \hbox (10.5258pt too wide) in paragraph at lines 85--101
[]\OT1/cmr/m/n/10.95 Defines
 []

[94]) [95] (./14_sil_format.tex [96]) [97] (./15_vhdl.tex [98] [99]) [100]
(./16_biblio.tex [101] [102]) [103] (./glossary.tex [104

] [105] [106] [107])
(./userguide.aux)
LaTeX Font Warning: Some font shapes were not available, defaults substituted.


LaTeX Warning: There were undefined references.

 ) 
Here is how much of TeX's memory you used:
 892 strings out of 494954
 9693 string characters out of 6181003
 67457 words of memory out of 5000000
 4120 multiletter control sequences out of 15000+600000
 27261 words of font info for 99 fonts, out of 8000000 for 9000
 14 hyphenation exceptions out of 8191
 23i,11n,21p,397b,423s stack positions out of 5000i,500n,10000p,200000b,80000s

Output written on userguide.dvi (107 pages, 355932 bytes).
